3950 704 5.98893184747 17.8227848101
verbs:
abasteció
abdicó
abono
abriese
acabáramos
acapararon
accidenta
aclamada
acoge
acogimos
aconsejamos
acostumbraba
acostumbraba
acrecienta
actualizad
acusas
acusándole
ademas
adjudicándose
admitían
adobe
adquirirá
afiliado
aforo
agita
agolpan
agradece
agravaran
agregando
agrego
aguantan
ahorraría
alarmando
alegraba
aliviaba
aliviaron
almacenan
alojaron
amago
ambienta
ambiéntales
amenizó
amordazará
amplificando
analizaron
angustiado
anotó
anularon
anunciarán
apearon
apreciaran
apreció
apreció
aprehendida
apresaron
apretaría
aproveche
araña
araña
armaba
armiño
arrojaría
asaltada
asintió
asistimos
asistió
asistió
asistíamos
asusta
aten
atenderá
atenuó
atenuó
aterrizaba
atestiguan
atolondrada
atrasó
atrevía
averiguó
azotan
balanceándose
barajas
barría
baten
bautizada
bloco
bollo
bruce
caigáis
cantará
capto
careo
cargará
casado
casado
cautivando
centralicen
cerrase
chita
chita
cierres
cierres
circulares
ciñe
clasificó
coincidiera
coincidía
coincidía
cojo
colaboraba
colaborado
coles
coles
coles
coles
coles
coles
coles
coligado
colisiones
colisiones
colisiones
colisiones
colocó
coloquen
comandita
comentaba
comento
comisaría
comportaron
comportaron
comprimida
comprobando
comprobaron
comprándolos
comunique
concernían
concordaba
conectan
conectemos
confiesa
configuran
confiriéndole
confió
conformas
confundió
conseguiréis
constaban
constataba
constataba
construyeran
consíganse
contagiado
contenían
contestado
contestara
contrajo
contrarresta
convendría
convendría
convendría
coronas
coronas
coronas
coronas
coronas
coronas
coronas
coronas
coronas
coronas
correspondan
cortaban
cosca
coso
cotizó
cotizó
cualificó
cuantificado
cuchicheado
curro
cuéntanos
cúname
das
debutaste
debutó
dediquemos
definieran
dejaremos
dejaremos
dejábamos
dejábamos
deliberaran
deriven
desagradan
desamparo
desaprobaron
desarmando
desayuna
desbandada
descansado
descansando
descendió
descendió
descendió
descendió
descubrieran
desdeñada
desencadeno
desesperemos
desfila
desfilaban
deshonrado
designa
deslicé
desmedida
desmoronan
desobedeció
desorientada
despachado
despertéis
despidas
despiste
despreciando
despreciando
despunta
desvelado
detecta
detecta
devengado
devengan
deviniendo
devolvieron
devora
dialogo
dices
diferenciaría
digas
digáis
diligencias
diluyéndolo
diploma
diputada
discutirá
disminuimos
diversificó
divorció
doctora
doctora
doctora
dominará
dopado
dudara
dumas
déjalo
editado
ejercitado
elogiada
embalse
embalse
embellecido
embisten
emocionó
emplazaron
encargan
encargando
encentrada
encomendaron
encomia
enfrentas
enjuician
enmarca
enoja
enrolado
ensanchado
enseñara
ensombrecida
entornan
entramos
entrarán
entras
entrechoquen
entregándole
entrevistará
entristecido
equipe
escaneo
escaneo
escondido
escuadra
escuche
especificas
espirado
esponsoriza
esquivaron
estableciese
estipulaba
estrena
estrenen
evaluaran
evocamos
examinaba
examinara
exceptuándole
excremento
exhibimos
expedida
expedido
expedido
expedían
expidieron
expidió
expidió
expidió
explicaban
exploto
exprime
exprime
extendían
exterminado
faculta
faena
fajas
fallecido
fallecido
faltarán
farfulla
fascina
fascinó
favoreciendo
feria
feria
feria
feria
feria
festejado
festejo
festejo
file
filtrante
filtró
financiaría
financiarías
finas
fine
forro
frecuentan
frecuentó
fumaba
fundamentaban
fusionará
fíjate
gafas
gafas
grafica
grafica
grafico
guardada
guayabas
habéis
habéis
habéis
hallará
helaba
helaba
helaba
helaba
helaba
helaba
helaba
helándose
homologado
huellas
huellas
ilegitimas
iluminará
imita
implante
implantes
implantes
importes
impresa
impreso
impreso
improviso
imputado
imputado
incautaron
incidido
incluiría
incluyamos
inconforme
incorporada
indagado
influiría
informamos
informándonos
inmiscuya
inmortalizó
inspirándose
instaurado
instauramos
insultaba
intentad
interceptó
interceptó
interpretáis
interroga
interrogó
interésese
intimándolos
investigo
iremos
juntó
jura
lava
lease
levantaba
leí
leí
liberaliza
lija
limpian
lleváis
lucía
lucía
madrugada
madrugada
madrugada
madrugada
madrugada
malicia
malinterpretado
maltrataba
mamás
mandaron
mangas
mangas
mangas
mangas
mango
mango
mango
mango
mango
mango
mango
mango
mango
mareas
mareas
mareas
mareas
mareas
mareas
mareas
marino
mencionada
mencionada
merita
mida
militó
mimbro
miraban
modificas
modulo
modulo
morente
mostrad
murales
murmullo
musculada
napoles
napoles
narra
negada
negociaran
niego
notada
notificado
noto
noto
novio
numero
obligaba
obligaban
obligo
ofende
oiréis
olvidad
opinó
ordenan
ordeno
orina
orlando
orlando
orlando
orlando
ovalado
oxidado
oxidado
pagas
pagas
pagas
pagina
paraba
pararon
pararon
parten
participará
paró
pasean
pensaremos
perdí
perito
pertenecemos
perturbaron
piensas
piensas
piensas
piensas
pisando
place
place
place
place
place
place
place
place
place
place
place
poseyendo
posibilitan
postergado
precisó
preguntadle
preocupéis
presentaremos
pretendería
pretenderían
prevale
prevale
preveo
primo
private
procedieron
profanado
propagará
propina
provinieron
puntó
quebraba
quejaran
quiste
quitándose
raja
ramificado
rancho
reafirmando
reagrupa
realzó
recargado
recargado
recargan
recargan
reclamada
recojo
reconquistó
recrea
recreo
recreo
recudió
recuperamos
recuperándoles
reembolsado
reformamos
regalan
rehaciendo
reinaba
reiteraron
reitero
reivindicó
relatarán
relevada
remarcado
reniega
renovó
renunciaba
reparte
repasó
repercutirán
reportó
reportó
reprochaba
reprochada
reproducirán
reproduzca
reproduzca
residía
resucitada
retenía
retornan
retratada
retrocedieron
revalorizó
revolvió
reído
rizado
rizo
rociaron
rodaste
romperéis
rotura
rozaba
ruegan
ruge
sabes
sabéis
sacáis
saldó
saliva
saltó
saludaron
sangres
saturado
saturado
sentéis
serías
silbaba
single
sobraban
sobresalió
sobrevenga
sofocándose
soleado
solicitan
solidifican
solucionada
solucionamos
sonda
sonda
sonda
sondas
sondas
sondas
sondas
sondas
sondeo
sondeo
sonó
sopla
soporto
sostendrá
subastaba
subiese
subtitulo
suportado
suprimiré
suscitando
suscribió
tardaba
taso
tenida
tenéis
termines
termines
termines
testimonian
testo
teñí
tirando
tirando
tomad
toreo
trabajas
trabajas
tragaremos
traigo
tranquilizaron
transformándola
transportaban
trasladó
tratase
trio
trivializado
tronco
tronco
tronco
trátese
tutelada
tómalo
ubicado
ultimo
uniformando
uña
vacilada
valdrán
valoró
vestía
vinieran
violara
votada
