3550 247 5.2930564046 6.95774647887
verbs:
abono
aclamada
acusándole
adjudicándose
adobe
afiliado
aforo
agregando
alarmando
amago
ambiéntales
amplificando
aprehendida
araña
araña
armiño
arrastrando
asaltada
atolondrada
atrasada
balanceándose
bautizada
bollo
careo
casado
casado
cautivando
chita
chita
cojo
cole
coligado
comandita
comisaría
comprimida
comprobando
comprándolos
confiriéndole
consíganse
contagiado
contestado
coso
cuantificado
cuchicheado
curro
cuéntanos
cúname
denunciando
desamparo
desayuno
desayuno
desbandada
descansado
descansando
desdeñada
deshonrado
desmedida
desmesurado
desorientada
despachado
despiste
despreciando
despreciando
desvelado
devengado
devengan
deviniendo
diluyéndolo
diploma
diputada
doblada
doblado
doctora
doctora
doctora
dopado
déjalo
editado
ejercitado
elogiada
embalse
embalse
embellecido
empleando
encargando
encentrada
enrolado
ensanchado
ensombrecida
entregándole
entristecido
escuadra
espirado
exceptuándole
excremento
expedida
expedido
expedido
exterminado
faena
fallecido
fallecido
feria
feria
feria
feria
feria
festejado
festejo
festejo
filtrante
finas
fine
forro
fundamentada
fíjate
guayabas
haré
helándose
homologado
implante
impresa
impreso
impreso
imputado
imputado
incidido
inconforme
indagado
informándonos
inspirándose
instaurado
interésese
intimándolos
jura
justificando
lance
lance
lava
lease
lija
madrugada
madrugada
madrugada
madrugada
madrugada
malicia
malinterpretado
mango
mango
mango
mango
mango
mango
mango
mango
mango
mencionada
mencionada
mida
morente
murales
murmullo
musculada
napoles
napoles
negada
notada
notificado
novio
nápoles
nápoles
orina
orlando
orlando
orlando
orlando
ovalado
oxidado
oxidado
perito
pisando
porta
poseyendo
postergado
preguntadle
primo
private
profanado
pronosticando
propina
quiste
quitándose
raja
ramificado
rancho
reafirmando
recargado
recargado
reclamada
recreo
recreo
recuperándoles
reembolsado
reembolso
rehaciendo
relevada
remarcado
reprochada
resucitada
retratada
reído
rizado
rizo
rotura
saliva
saturado
saturado
sellado
single
sofocándose
soleado
solucionada
sonda
sonda
sonda
sondeo
sondeo
suportado
suscitando
tenida
tirando
tirando
toreo
transformándola
trivializado
tronco
tronco
tronco
trátese
tutelada
tómalo
ubicado
uniformando
uña
vacilada
votada
